[CRITICAL] critical
[ERROR] error
[WARNING] warning
[INFO] info
[DEBUG] debug
2019-06-08 08:57:09,583 [CRITICAL] critical
2019-06-08 08:57:09,584 [ERROR] error
2019-06-08 08:57:09,584 [WARNING] warning
2019-06-08 08:57:09,584 [INFO] info
2019-06-08 08:57:09,584 [DEBUG] debug
[1559975181.781943] critical
[1559975181.782307] error
[1559975181.782358] warning
[1559975181.782401] info
[1559975181.782440] debug
[1559975188.291358] critical
[1559975188.291460] error
[1559975188.291499] warning
[1559975188.291533] info
[1559975188.291564] debug
[1559976353.671587] critical
[1559976353.672225] error
[1559976353.672285] warning
[1559976353.672327] info
[1559976353.672365] debug
[1559976353.672403] exception
NoneType: None
